<?xml version="1.0" encoding="UTF-8"?>
<testng-results ignored="0" total="1" passed="1" failed="0" skipped="0">
  <reporter-output>
  </reporter-output>
  <suite started-at="2024-07-26T23:03:59 AEST" name="Suite" finished-at="2024-07-26T23:04:31 AEST" duration-ms="32452">
    <groups>
    </groups>
    <test started-at="2024-07-26T23:03:59 AEST" name="Test" finished-at="2024-07-26T23:04:31 AEST" duration-ms="32452">
      <class name="packageTest.ProgramTest1">
        <test-method is-config="true" signature="setup()[pri:0, instance:packageTest.ProgramTest1@3d51f06e]" started-at="2024-07-26T23:03:59 AEST" name="setup" finished-at="2024-07-26T23:04:27 AEST" duration-ms="28095" status="PASS">
          <reporter-output>
          </reporter-output>
        </test-method> <!-- setup -->
        <test-method signature="verifyTitle()[pri:0, instance:packageTest.ProgramTest1@3d51f06e]" started-at="2024-07-26T23:04:27 AEST" name="verifyTitle" finished-at="2024-07-26T23:04:29 AEST" duration-ms="2010" status="PASS">
          <reporter-output>
          </reporter-output>
        </test-method> <!-- verifyTitle -->
        <test-method is-config="true" signature="teardown()[pri:0, instance:packageTest.ProgramTest1@3d51f06e]" started-at="2024-07-26T23:04:29 AEST" name="teardown" finished-at="2024-07-26T23:04:31 AEST" duration-ms="1987" status="PASS">
          <reporter-output>
          </reporter-output>
        </test-method> <!-- teardown -->
      </class> <!-- packageTest.ProgramTest1 -->
    </test> <!-- Test -->
  </suite> <!-- Suite -->
</testng-results>
